
Epoch: 0, lr: 0.0006, weight decay: 0.1 on model nanoGPT_tinyshakespeare_L6_H6_D384_ctx256_attnCSBNs_mlpLN_finalLN_gelu_lr0.0006_bs64_wd0.1_seed0
|>>>>>>>>>>>>>>>>>>>>>>>>>>>>>>>>>>>>>>>>>>>>>>>>>>|   100/100 11s877ms  Loss: nanoss: nan
Train on epoch 0: average loss=nan, time: 11s878ms
Validate on epoch 0: loss=nan, perplexity=nan
Checkpoint saving disabled by --no-save-checkpoint

Epoch: 1, lr: 0.0006, weight decay: 0.1 on model nanoGPT_tinyshakespeare_L6_H6_D384_ctx256_attnCSBNs_mlpLN_finalLN_gelu_lr0.0006_bs64_wd0.1_seed0
|>>>>>>>>>>>>>>>>>>>>>>>>>>>>>>>>>>>>>>>>>>>>>>>>>>|   100/100 11s203ms  Loss: nanss: nann
Train on epoch 1: average loss=nan, time: 11s204ms
Validate on epoch 1: loss=nan, perplexity=nan

Epoch: 2, lr: 0.0006, weight decay: 0.1 on model nanoGPT_tinyshakespeare_L6_H6_D384_ctx256_attnCSBNs_mlpLN_finalLN_gelu_lr0.0006_bs64_wd0.1_seed0
|>>>>>>>>>>>>>>>>>>>>>>>>>>>>>>>>>>>>>>>>>>>>>>>>>>|   100/100 11s549ms  Loss: nanoss: nan
Train on epoch 2: average loss=nan, time: 11s549ms
Validate on epoch 2: loss=nan, perplexity=nan

Epoch: 3, lr: 0.0006, weight decay: 0.1 on model nanoGPT_tinyshakespeare_L6_H6_D384_ctx256_attnCSBNs_mlpLN_finalLN_gelu_lr0.0006_bs64_wd0.1_seed0
|>>>>>>>>>>>>>>>>>>>>>>>>>>>>>>>>>>>>>>>>>>>>>>>>>>|   100/100 11s277ms  Loss: nanoss: nan
Train on epoch 3: average loss=nan, time: 11s277ms
Validate on epoch 3: loss=nan, perplexity=nan

Epoch: 4, lr: 0.00059, weight decay: 0.1 on model nanoGPT_tinyshakespeare_L6_H6_D384_ctx256_attnCSBNs_mlpLN_finalLN_gelu_lr0.0006_bs64_wd0.1_seed0
|>>>>>>>>>>>>>>>>>>>>>>>>>>>>>>>>>>>>>>>>>>>>>>>>>>|   100/100 11s563ms  Loss: nanoss: nan
Train on epoch 4: average loss=nan, time: 11s564ms
Validate on epoch 4: loss=nan, perplexity=nan

Epoch: 5, lr: 0.00059, weight decay: 0.1 on model nanoGPT_tinyshakespeare_L6_H6_D384_ctx256_attnCSBNs_mlpLN_finalLN_gelu_lr0.0006_bs64_wd0.1_seed0
|>>>>>>>>>>>>>>>>>>>>>>>>>>>>>>>>>>>>>>>>>>>>>>>>>>|   100/100 11s296ms  Loss: nanoss: nan
Train on epoch 5: average loss=nan, time: 11s297ms
Validate on epoch 5: loss=nan, perplexity=nan

Epoch: 6, lr: 0.00058, weight decay: 0.1 on model nanoGPT_tinyshakespeare_L6_H6_D384_ctx256_attnCSBNs_mlpLN_finalLN_gelu_lr0.0006_bs64_wd0.1_seed0
|>>>>>>>>>>>>>>>>>>>>>>>>>>>>>>>>>>>>>>>>>>>>>>>>>>|   100/100 11s557ms  Loss: nanoss: nan
Train on epoch 6: average loss=nan, time: 11s558ms
Validate on epoch 6: loss=nan, perplexity=nan

Epoch: 7, lr: 0.00057, weight decay: 0.1 on model nanoGPT_tinyshakespeare_L6_H6_D384_ctx256_attnCSBNs_mlpLN_finalLN_gelu_lr0.0006_bs64_wd0.1_seed0
|>>>>>>>>>>>>>>>>>>>>>>>>>>>>>>>>>>>>>>>>>>>>>>>>>>|   100/100 11s290ms  Loss: nanoss: nan
Train on epoch 7: average loss=nan, time: 11s291ms
Validate on epoch 7: loss=nan, perplexity=nan

Epoch: 8, lr: 0.00057, weight decay: 0.1 on model nanoGPT_tinyshakespeare_L6_H6_D384_ctx256_attnCSBNs_mlpLN_finalLN_gelu_lr0.0006_bs64_wd0.1_seed0
|>>>>>>>>>>>>>>>>>>>>>>>>>>>>>>>>>>>>>>>>>>>>>>>>>>|   100/100 11s546ms  Loss: nanoss: nan
Train on epoch 8: average loss=nan, time: 11s547ms
Validate on epoch 8: loss=nan, perplexity=nan

Epoch: 9, lr: 0.00056, weight decay: 0.1 on model nanoGPT_tinyshakespeare_L6_H6_D384_ctx256_attnCSBNs_mlpLN_finalLN_gelu_lr0.0006_bs64_wd0.1_seed0
|>>>>>>>>>>>>>>>>>>>>>>>>>>>>>>>>>>>>>>>>>>>>>>>>>>|   100/100 11s307ms  Loss: nanoss: nan
Train on epoch 9: average loss=nan, time: 11s307ms
Validate on epoch 9: loss=nan, perplexity=nan

Epoch: 10, lr: 0.00055, weight decay: 0.1 on model nanoGPT_tinyshakespeare_L6_H6_D384_ctx256_attnCSBNs_mlpLN_finalLN_gelu_lr0.0006_bs64_wd0.1_seed0
|>>>>>>>>>>>>>>>>>>>>>>>>>>>>>>>>>>>>>>>>>>>>>>>>>>|   100/100 11s548ms  Loss: nanoss: nan
Train on epoch 10: average loss=nan, time: 11s549ms
Validate on epoch 10: loss=nan, perplexity=nan

Epoch: 11, lr: 0.00054, weight decay: 0.1 on model nanoGPT_tinyshakespeare_L6_H6_D384_ctx256_attnCSBNs_mlpLN_finalLN_gelu_lr0.0006_bs64_wd0.1_seed0
|>>>>>>>>>>>>>>>>>>>>>>>>>>>>>>>>>>>>>>>>>>>>>>>>>>|   100/100 11s256ms  Loss: nanoss: nan
Train on epoch 11: average loss=nan, time: 11s257ms
Validate on epoch 11: loss=nan, perplexity=nan

Epoch: 12, lr: 0.00053, weight decay: 0.1 on model nanoGPT_tinyshakespeare_L6_H6_D384_ctx256_attnCSBNs_mlpLN_finalLN_gelu_lr0.0006_bs64_wd0.1_seed0
|>>>>>>>>>>>>>>>>>>>>>>>>>>>>>>>>>>>>>>>>>>>>>>>>>>|   100/100 11s575ms  Loss: nanoss: nan
Train on epoch 12: average loss=nan, time: 11s576ms
Validate on epoch 12: loss=nan, perplexity=nan

Epoch: 13, lr: 0.00051, weight decay: 0.1 on model nanoGPT_tinyshakespeare_L6_H6_D384_ctx256_attnCSBNs_mlpLN_finalLN_gelu_lr0.0006_bs64_wd0.1_seed0
|>>>>>>>>>>>>>>>>>>>>>>>>>>>>>>>>>>>>>>>>>>>>>>>>>>|   100/100 11s287ms  Loss: nanoss: nan
Train on epoch 13: average loss=nan, time: 11s288ms
Validate on epoch 13: loss=nan, perplexity=nan

Epoch: 14, lr: 0.0005, weight decay: 0.1 on model nanoGPT_tinyshakespeare_L6_H6_D384_ctx256_attnCSBNs_mlpLN_finalLN_gelu_lr0.0006_bs64_wd0.1_seed0
|>>>>>>>>>>>>>>>>>>>>>>>>>>>>>>>>>>>>>>>>>>>>>>>>>>|   100/100 11s542ms  Loss: nanoss: nan
Train on epoch 14: average loss=nan, time: 11s543ms
Validate on epoch 14: loss=nan, perplexity=nan

Epoch: 15, lr: 0.00049, weight decay: 0.1 on model nanoGPT_tinyshakespeare_L6_H6_D384_ctx256_attnCSBNs_mlpLN_finalLN_gelu_lr0.0006_bs64_wd0.1_seed0
|>>>>>>>>>>>>>>>>>>>>>>>>>>>>>>>>>>>>>>>>>>>>>>>>>>|   100/100 11s277ms  Loss: nanoss: nan
Train on epoch 15: average loss=nan, time: 11s278ms
Validate on epoch 15: loss=nan, perplexity=nan

Epoch: 16, lr: 0.00047, weight decay: 0.1 on model nanoGPT_tinyshakespeare_L6_H6_D384_ctx256_attnCSBNs_mlpLN_finalLN_gelu_lr0.0006_bs64_wd0.1_seed0
|>>>>>>>>>>>>>>>>>>>>>>>>>>>>>>>>>>>>>>>>>>>>>>>>>>|   100/100 11s551ms  Loss: nanoss: nan
Train on epoch 16: average loss=nan, time: 11s551ms
Validate on epoch 16: loss=nan, perplexity=nan

Epoch: 17, lr: 0.00046, weight decay: 0.1 on model nanoGPT_tinyshakespeare_L6_H6_D384_ctx256_attnCSBNs_mlpLN_finalLN_gelu_lr0.0006_bs64_wd0.1_seed0
|>>>>>>>>>>>>>>>>>>>>>>>>>>>>>>>>>>>>>>>>>>>>>>>>>>|   100/100 11s190ms  Loss: nanss: nann
Train on epoch 17: average loss=nan, time: 11s190ms
Validate on epoch 17: loss=nan, perplexity=nan

Epoch: 18, lr: 0.00044, weight decay: 0.1 on model nanoGPT_tinyshakespeare_L6_H6_D384_ctx256_attnCSBNs_mlpLN_finalLN_gelu_lr0.0006_bs64_wd0.1_seed0
|>>>>>>>>>>>>>>>>>>>>>>>>>>>>>>>>>>>>>>>>>>>>>>>>>>|   100/100 11s539ms  Loss: nanoss: nan
Train on epoch 18: average loss=nan, time: 11s539ms
Validate on epoch 18: loss=nan, perplexity=nan

Epoch: 19, lr: 0.00043, weight decay: 0.1 on model nanoGPT_tinyshakespeare_L6_H6_D384_ctx256_attnCSBNs_mlpLN_finalLN_gelu_lr0.0006_bs64_wd0.1_seed0
|>>>>>>>>>>>>>>>>>>>>>>>>>>>>>>>>>>>>>>>>>>>>>>>>>>|   100/100 11s275ms  Loss: nanoss: nan
Train on epoch 19: average loss=nan, time: 11s276ms
Validate on epoch 19: loss=nan, perplexity=nan

Epoch: 20, lr: 0.00041, weight decay: 0.1 on model nanoGPT_tinyshakespeare_L6_H6_D384_ctx256_attnCSBNs_mlpLN_finalLN_gelu_lr0.0006_bs64_wd0.1_seed0
|>>>>>>>>>>>>>>>>>>>>>>>>>>>>>>>>>>>>>>>>>>>>>>>>>>|   100/100 11s573ms  Loss: nanoss: nan
Train on epoch 20: average loss=nan, time: 11s574ms
Validate on epoch 20: loss=nan, perplexity=nan

Epoch: 21, lr: 0.0004, weight decay: 0.1 on model nanoGPT_tinyshakespeare_L6_H6_D384_ctx256_attnCSBNs_mlpLN_finalLN_gelu_lr0.0006_bs64_wd0.1_seed0
|>>>>>>>>>>>>>>>>>>>>>>>>>>>>>>>>>>>>>>>>>>>>>>>>>>|   100/100 11s241ms  Loss: nanss: nann
Train on epoch 21: average loss=nan, time: 11s242ms
Validate on epoch 21: loss=nan, perplexity=nan

Epoch: 22, lr: 0.00038, weight decay: 0.1 on model nanoGPT_tinyshakespeare_L6_H6_D384_ctx256_attnCSBNs_mlpLN_finalLN_gelu_lr0.0006_bs64_wd0.1_seed0
|>>>>>>>>>>>>>>>>>>>>>>>>>>>>>>>>>>>>>>>>>>>>>>>>>>|   100/100 11s533ms  Loss: nanoss: nan
Train on epoch 22: average loss=nan, time: 11s533ms
Validate on epoch 22: loss=nan, perplexity=nan

Epoch: 23, lr: 0.00036, weight decay: 0.1 on model nanoGPT_tinyshakespeare_L6_H6_D384_ctx256_attnCSBNs_mlpLN_finalLN_gelu_lr0.0006_bs64_wd0.1_seed0
|>>>>>>>>>>>>>>>>>>>>>>>>>>>>>>>>>>>>>>>>>>>>>>>>>>|   100/100 11s288ms  Loss: nanoss: nan
Train on epoch 23: average loss=nan, time: 11s289ms
Validate on epoch 23: loss=nan, perplexity=nan

Epoch: 24, lr: 0.00035, weight decay: 0.1 on model nanoGPT_tinyshakespeare_L6_H6_D384_ctx256_attnCSBNs_mlpLN_finalLN_gelu_lr0.0006_bs64_wd0.1_seed0
|>>>>>>>>>>>>>>>>>>>>>>>>>>>>>>>>>>>>>>>>>>>>>>>>>>|   100/100 11s568ms  Loss: nanoss: nan
Train on epoch 24: average loss=nan, time: 11s568ms
Validate on epoch 24: loss=nan, perplexity=nan

Epoch: 25, lr: 0.00033, weight decay: 0.1 on model nanoGPT_tinyshakespeare_L6_H6_D384_ctx256_attnCSBNs_mlpLN_finalLN_gelu_lr0.0006_bs64_wd0.1_seed0
|>>>>>>>>>>>>>>>>>>>>>>>>>>>>>>>>>>>>>>>>>>>>>>>>>>|   100/100 11s260ms  Loss: nanoss: nan
Train on epoch 25: average loss=nan, time: 11s260ms
Validate on epoch 25: loss=nan, perplexity=nan

Epoch: 26, lr: 0.00031, weight decay: 0.1 on model nanoGPT_tinyshakespeare_L6_H6_D384_ctx256_attnCSBNs_mlpLN_finalLN_gelu_lr0.0006_bs64_wd0.1_seed0
|>>>>>>>>>>>>>>>>>>>>>>>>>>>>>>>>>>>>>>>>>>>>>>>>>>|   100/100 11s543ms  Loss: nanoss: nan
Train on epoch 26: average loss=nan, time: 11s544ms
Validate on epoch 26: loss=nan, perplexity=nan

Epoch: 27, lr: 0.0003, weight decay: 0.1 on model nanoGPT_tinyshakespeare_L6_H6_D384_ctx256_attnCSBNs_mlpLN_finalLN_gelu_lr0.0006_bs64_wd0.1_seed0
|>>>>>>>>>>>>>>>>>>>>>>>>>>>>>>>>>>>>>>>>>>>>>>>>>>|   100/100 11s296ms  Loss: nanoss: nan
Train on epoch 27: average loss=nan, time: 11s297ms
Validate on epoch 27: loss=nan, perplexity=nan

Epoch: 28, lr: 0.00028, weight decay: 0.1 on model nanoGPT_tinyshakespeare_L6_H6_D384_ctx256_attnCSBNs_mlpLN_finalLN_gelu_lr0.0006_bs64_wd0.1_seed0
|>>>>>>>>>>>>>>>>>>>>>>>>>>>>>>>>>>>>>>>>>>>>>>>>>>|   100/100 11s541ms  Loss: nanoss: nan
Train on epoch 28: average loss=nan, time: 11s542ms
Validate on epoch 28: loss=nan, perplexity=nan

Epoch: 29, lr: 0.00026, weight decay: 0.1 on model nanoGPT_tinyshakespeare_L6_H6_D384_ctx256_attnCSBNs_mlpLN_finalLN_gelu_lr0.0006_bs64_wd0.1_seed0
|>>>>>>>>>>>>>>>>>>>>>>>>>>>>>>>>>>>>>>>>>>>>>>>>>>|   100/100 11s244ms  Loss: nanss: nann
Train on epoch 29: average loss=nan, time: 11s245ms
Validate on epoch 29: loss=nan, perplexity=nan

Epoch: 30, lr: 0.00025, weight decay: 0.1 on model nanoGPT_tinyshakespeare_L6_H6_D384_ctx256_attnCSBNs_mlpLN_finalLN_gelu_lr0.0006_bs64_wd0.1_seed0
|>>>>>>>>>>>>>>>>>>>>>>>>>>>>>>>>>>>>>>>>>>>>>>>>>>|   100/100 11s524ms  Loss: nanoss: nan
Train on epoch 30: average loss=nan, time: 11s524ms
Validate on epoch 30: loss=nan, perplexity=nan

Epoch: 31, lr: 0.00023, weight decay: 0.1 on model nanoGPT_tinyshakespeare_L6_H6_D384_ctx256_attnCSBNs_mlpLN_finalLN_gelu_lr0.0006_bs64_wd0.1_seed0
|>>>>>>>>>>>>>>>>>>>>>>>>>>>>>>>>>>>>>>>>>>>>>>>>>>|   100/100 11s303ms  Loss: nanoss: nan
Train on epoch 31: average loss=nan, time: 11s303ms
Validate on epoch 31: loss=nan, perplexity=nan

Epoch: 32, lr: 0.00022, weight decay: 0.1 on model nanoGPT_tinyshakespeare_L6_H6_D384_ctx256_attnCSBNs_mlpLN_finalLN_gelu_lr0.0006_bs64_wd0.1_seed0
|>>>>>>>>>>>>>>>>>>>>>>>>>>>>>>>>>>>>>>>>>>>>>>>>>>|   100/100 11s553ms  Loss: nanoss: nan
Train on epoch 32: average loss=nan, time: 11s554ms
Validate on epoch 32: loss=nan, perplexity=nan

Epoch: 33, lr: 0.0002, weight decay: 0.1 on model nanoGPT_tinyshakespeare_L6_H6_D384_ctx256_attnCSBNs_mlpLN_finalLN_gelu_lr0.0006_bs64_wd0.1_seed0
|>>>>>>>>>>>>>>>>>>>>>>>>>>>>>>>>>>>>>>>>>>>>>>>>>>|   100/100 11s216ms  Loss: nanss: nann
Train on epoch 33: average loss=nan, time: 11s216ms
Validate on epoch 33: loss=nan, perplexity=nan

Epoch: 34, lr: 0.00019, weight decay: 0.1 on model nanoGPT_tinyshakespeare_L6_H6_D384_ctx256_attnCSBNs_mlpLN_finalLN_gelu_lr0.0006_bs64_wd0.1_seed0
|>>>>>>>>>>>>>>>>>>>>>>>>>>>>>>>>>>>>>>>>>>>>>>>>>>|   100/100 11s553ms  Loss: nanoss: nan
Train on epoch 34: average loss=nan, time: 11s554ms
Validate on epoch 34: loss=nan, perplexity=nan

Epoch: 35, lr: 0.00017, weight decay: 0.1 on model nanoGPT_tinyshakespeare_L6_H6_D384_ctx256_attnCSBNs_mlpLN_finalLN_gelu_lr0.0006_bs64_wd0.1_seed0
|>>>>>>>>>>>>>>>>>>>>>>>>>>>>>>>>>>>>>>>>>>>>>>>>>>|   100/100 11s279ms  Loss: nanoss: nan
Train on epoch 35: average loss=nan, time: 11s279ms
Validate on epoch 35: loss=nan, perplexity=nan

Epoch: 36, lr: 0.00016, weight decay: 0.1 on model nanoGPT_tinyshakespeare_L6_H6_D384_ctx256_attnCSBNs_mlpLN_finalLN_gelu_lr0.0006_bs64_wd0.1_seed0
|>>>>>>>>>>>>>>>>>>>>>>>>>>>>>>>>>>>>>>>>>>>>>>>>>>|   100/100 11s556ms  Loss: nanoss: nan
Train on epoch 36: average loss=nan, time: 11s557ms
Validate on epoch 36: loss=nan, perplexity=nan

Epoch: 37, lr: 0.00015, weight decay: 0.1 on model nanoGPT_tinyshakespeare_L6_H6_D384_ctx256_attnCSBNs_mlpLN_finalLN_gelu_lr0.0006_bs64_wd0.1_seed0
|>>>>>>>>>>>>>>>>>>>>>>>>>>>>>>>>>>>>>>>>>>>>>>>>>>|   100/100 11s311ms  Loss: nanoss: nan
Train on epoch 37: average loss=nan, time: 11s312ms
Validate on epoch 37: loss=nan, perplexity=nan

Epoch: 38, lr: 0.00013, weight decay: 0.1 on model nanoGPT_tinyshakespeare_L6_H6_D384_ctx256_attnCSBNs_mlpLN_finalLN_gelu_lr0.0006_bs64_wd0.1_seed0
|>>>>>>>>>>>>>>>>>>>>>>>>>>>>>>>>>>>>>>>>>>>>>>>>>>|   100/100 11s534ms  Loss: nanoss: nan
Train on epoch 38: average loss=nan, time: 11s535ms
Validate on epoch 38: loss=nan, perplexity=nan

Epoch: 39, lr: 0.00012, weight decay: 0.1 on model nanoGPT_tinyshakespeare_L6_H6_D384_ctx256_attnCSBNs_mlpLN_finalLN_gelu_lr0.0006_bs64_wd0.1_seed0
|>>>>>>>>>>>>>>>>>>>>>>>>>>>>>>>>>>>>>>>>>>>>>>>>>>|   100/100 11s226ms  Loss: nanss: nann
Train on epoch 39: average loss=nan, time: 11s227ms
Validate on epoch 39: loss=nan, perplexity=nan

Epoch: 40, lr: 0.00011, weight decay: 0.1 on model nanoGPT_tinyshakespeare_L6_H6_D384_ctx256_attnCSBNs_mlpLN_finalLN_gelu_lr0.0006_bs64_wd0.1_seed0
|>>>>>>>>>>>>>>>>>>>>>>>>>>>>>>>>>>>>>>>>>>>>>>>>>>|   100/100 11s519ms  Loss: nanoss: nan
Train on epoch 40: average loss=nan, time: 11s519ms
Validate on epoch 40: loss=nan, perplexity=nan

Epoch: 41, lr: 0.0001, weight decay: 0.1 on model nanoGPT_tinyshakespeare_L6_H6_D384_ctx256_attnCSBNs_mlpLN_finalLN_gelu_lr0.0006_bs64_wd0.1_seed0
|>>>>>>>>>>>>>>>>>>>>>>>>>>>>>>>>>>>>>>>>>>>>>>>>>>|   100/100 11s241ms  Loss: nanss: nann
Train on epoch 41: average loss=nan, time: 11s241ms
Validate on epoch 41: loss=nan, perplexity=nan

Epoch: 42, lr: 9.3e-05, weight decay: 0.1 on model nanoGPT_tinyshakespeare_L6_H6_D384_ctx256_attnCSBNs_mlpLN_finalLN_gelu_lr0.0006_bs64_wd0.1_seed0
|>>>>>>>>>>>>>>>>>>>>>>>>>>>>>>>>>>>>>>>>>>>>>>>>>>|   100/100 11s539ms  Loss: nanoss: nan
Train on epoch 42: average loss=nan, time: 11s540ms
Validate on epoch 42: loss=nan, perplexity=nan

Epoch: 43, lr: 8.6e-05, weight decay: 0.1 on model nanoGPT_tinyshakespeare_L6_H6_D384_ctx256_attnCSBNs_mlpLN_finalLN_gelu_lr0.0006_bs64_wd0.1_seed0
|>>>>>>>>>>>>>>>>>>>>>>>>>>>>>>>>>>>>>>>>>>>>>>>>>>|   100/100 11s245ms  Loss: nanss: nann
Train on epoch 43: average loss=nan, time: 11s246ms
Validate on epoch 43: loss=nan, perplexity=nan

Epoch: 44, lr: 7.9e-05, weight decay: 0.1 on model nanoGPT_tinyshakespeare_L6_H6_D384_ctx256_attnCSBNs_mlpLN_finalLN_gelu_lr0.0006_bs64_wd0.1_seed0
|>>>>>>>>>>>>>>>>>>>>>>>>>>>>>>>>>>>>>>>>>>>>>>>>>>|   100/100 11s525ms  Loss: nanoss: nan
Train on epoch 44: average loss=nan, time: 11s526ms
Validate on epoch 44: loss=nan, perplexity=nan

Epoch: 45, lr: 7.3e-05, weight decay: 0.1 on model nanoGPT_tinyshakespeare_L6_H6_D384_ctx256_attnCSBNs_mlpLN_finalLN_gelu_lr0.0006_bs64_wd0.1_seed0
|>>>>>>>>>>>>>>>>>>>>>>>>>>>>>>>>>>>>>>>>>>>>>>>>>>|   100/100 11s273ms  Loss: nanoss: nan
Train on epoch 45: average loss=nan, time: 11s273ms
Validate on epoch 45: loss=nan, perplexity=nan

Epoch: 46, lr: 6.8e-05, weight decay: 0.1 on model nanoGPT_tinyshakespeare_L6_H6_D384_ctx256_attnCSBNs_mlpLN_finalLN_gelu_lr0.0006_bs64_wd0.1_seed0
|>>>>>>>>>>>>>>>>>>>>>>>>>>>>>>>>>>>>>>>>>>>>>>>>>>|   100/100 11s531ms  Loss: nanoss: nan
Train on epoch 46: average loss=nan, time: 11s531ms
Validate on epoch 46: loss=nan, perplexity=nan

Epoch: 47, lr: 6.5e-05, weight decay: 0.1 on model nanoGPT_tinyshakespeare_L6_H6_D384_ctx256_attnCSBNs_mlpLN_finalLN_gelu_lr0.0006_bs64_wd0.1_seed0
|>>>>>>>>>>>>>>>>>>>>>>>>>>>>>>>>>>>>>>>>>>>>>>>>>>|   100/100 11s309ms  Loss: nanoss: nan
Train on epoch 47: average loss=nan, time: 11s310ms
Validate on epoch 47: loss=nan, perplexity=nan

Epoch: 48, lr: 6.2e-05, weight decay: 0.1 on model nanoGPT_tinyshakespeare_L6_H6_D384_ctx256_attnCSBNs_mlpLN_finalLN_gelu_lr0.0006_bs64_wd0.1_seed0
|>>>>>>>>>>>>>>>>>>>>>>>>>>>>>>>>>>>>>>>>>>>>>>>>>>|   100/100 11s517ms  Loss: nanoss: nan
Train on epoch 48: average loss=nan, time: 11s518ms
Validate on epoch 48: loss=nan, perplexity=nan

Epoch: 49, lr: 6.1e-05, weight decay: 0.1 on model nanoGPT_tinyshakespeare_L6_H6_D384_ctx256_attnCSBNs_mlpLN_finalLN_gelu_lr0.0006_bs64_wd0.1_seed0
|>>>>>>>>>>>>>>>>>>>>>>>>>>>>>>>>>>>>>>>>>>>>>>>>>>|   100/100 11s271ms  Loss: nanoss: nan
Train on epoch 49: average loss=nan, time: 11s272ms
Validate on epoch 49: loss=nan, perplexity=nan
==> generated sample: /home/dlth/norm-exp-code/Norm-exp-base/ViT/results/exp-seqbn/nanoGPT_tinyshakespeare_L6_H6_D384_ctx256_attnCSBNs_mlpLN_finalLN_gelu_lr0.0006_bs64_wd0.1_seed0/sample_final.txt
==> end time: 26-05-29_19-40-40
